<?xml version="1.0" encoding="UTF-8"?>
<coverage generated="1646945154088" clover="3.2.0">
  <project timestamp="1646945154088" name="All files">
    <metrics statements="26" coveredstatements="22" conditionals="0" coveredconditionals="0" methods="14" coveredmethods="10" elements="40" coveredelements="32" complexity="0" loc="26" ncloc="26" packages="1" files="4" classes="4"/>
    <file name="Employee.js" path="C:\Users\marlo\bootcamp\assignments\team-profile-generator\lib\Employee.js">
      <metrics statements="8" coveredstatements="7" conditionals="0" coveredconditionals="0" methods="5" coveredmethods="4"/>
      <line num="3" count="8" type="stmt"/>
      <line num="4" count="8" type="stmt"/>
      <line num="5" count="8" type="stmt"/>
      <line num="9" count="1" type="stmt"/>
      <line num="13" count="1" type="stmt"/>
      <line num="17" count="1" type="stmt"/>
      <line num="21" count="0" type="stmt"/>
      <line num="26" count="4" type="stmt"/>
    </file>
    <file name="Engineer.js" path="C:\Users\marlo\bootcamp\assignments\team-profile-generator\lib\Engineer.js">
      <metrics statements="6" coveredstatements="5" conditionals="0" coveredconditionals="0" methods="3" coveredmethods="2"/>
      <line num="1" count="1" type="stmt"/>
      <line num="5" count="2" type="stmt"/>
      <line num="6" count="2" type="stmt"/>
      <line num="9" count="1" type="stmt"/>
      <line num="13" count="0" type="stmt"/>
      <line num="17" count="1" type="stmt"/>
    </file>
    <file name="Intern.js" path="C:\Users\marlo\bootcamp\assignments\team-profile-generator\lib\Intern.js">
      <metrics statements="6" coveredstatements="5" conditionals="0" coveredconditionals="0" methods="3" coveredmethods="2"/>
      <line num="1" count="1" type="stmt"/>
      <line num="5" count="2" type="stmt"/>
      <line num="6" count="2" type="stmt"/>
      <line num="10" count="1" type="stmt"/>
      <line num="14" count="0" type="stmt"/>
      <line num="18" count="1" type="stmt"/>
    </file>
    <file name="Manager.js" path="C:\Users\marlo\bootcamp\assignments\team-profile-generator\lib\Manager.js">
      <metrics statements="6" coveredstatements="5" conditionals="0" coveredconditionals="0" methods="3" coveredmethods="2"/>
      <line num="1" count="1" type="stmt"/>
      <line num="5" count="2" type="stmt"/>
      <line num="6" count="2" type="stmt"/>
      <line num="9" count="1" type="stmt"/>
      <line num="13" count="0" type="stmt"/>
      <line num="17" count="1" type="stmt"/>
    </file>
  </project>
</coverage>
